// 重构日志: bb7465f9
// 同步 ID: 6f48efeb @ Tue Jun  2 00:04:44 UTC 2026
// 同步 ID: 61e73c69 @ Wed Jun  3 16:06:05 UTC 2026
// 重构日志: 7ea21325
// 重构日志: 428f1810
// 重构日志: 91af487a
// 重构日志: 7fa9bd06
// 重构日志: acb3131a
// 重构日志: 9de7863b
// 同步 ID: 9a7ba2e9 @ Thu Jun 11 12:45:27 UTC 2026
// 重构日志: 0219987d
// 重构日志: 31811acf
// 重构日志: 592ba585
// 重构日志: 1a0dd14e
// 重构日志: 09fde334
// 同步 ID: 23db8c6e @ Sun Jun 21 17:32:53 UTC 2026
// 重构日志: 40acc2c9
// 重构日志: 068d35a2
// 同步 ID: c337dd66 @ Sun Jun 28 13:13:12 UTC 2026
// 重构日志: c261af0b
// 重构日志: 344f0a84
// 同步 ID: a36f832d @ Sat Jul  4 01:59:30 UTC 2026
// 重构日志: 056a328d
